<?xml version="1.0" encoding="UTF-8"?>
<!-- Generated by org.testng.reporters.JUnitXMLReporter -->
<testsuite ignored="0" hostname="Siru" failures="0" tests="6" name="Default test" time="130.846" errors="0" timestamp="2025-04-24T12:54:50 IST">
  <testcase classname="MavenTestNGProject.MavenTestNGProject.PurchaseTest" name="testDemoblaze" time="6.172"/>
  <testcase classname="MavenTestNGProject.MavenTestNGProject.PurchaseTest" name="testDemoblaze" time="18.006"/>
  <testcase classname="MavenTestNGProject.MavenTestNGProject.PurchaseTest" name="testDemoblaze" time="11.441"/>
  <testcase classname="MavenTestNGProject.MavenTestNGProject.PurchaseTest" name="testDemoblaze" time="29.187"/>
  <testcase classname="MavenTestNGProject.MavenTestNGProject.PurchaseTest" name="testDemoblaze" time="19.113"/>
  <testcase classname="MavenTestNGProject.MavenTestNGProject.PurchaseTest" name="testDemoblaze" time="23.532"/>
</testsuite> <!-- Default test -->
